<?xml version="1.0" encoding="UTF-8"?>
<testng-results ignored="0" total="1" passed="1" failed="0" skipped="0">
  <reporter-output>
  </reporter-output>
  <suite started-at="2024-07-22T22:41:25 IST" name="Suite" finished-at="2024-07-22T22:42:16 IST" duration-ms="50714">
    <groups>
    </groups>
    <test started-at="2024-07-22T22:41:25 IST" name="Test" finished-at="2024-07-22T22:42:16 IST" duration-ms="50714">
      <class name="TestClasses.VerifyUserCanLogin">
        <test-method is-config="true" signature="beforeClass()[pri:0, instance:TestClasses.VerifyUserCanLogin@12468a38]" started-at="2024-07-22T22:41:25 IST" name="beforeClass" finished-at="2024-07-22T22:41:44 IST" duration-ms="19179" status="PASS">
          <reporter-output>
          </reporter-output>
        </test-method> <!-- beforeClass -->
        <test-method is-config="true" signature="beforeMethod()[pri:0, instance:TestClasses.VerifyUserCanLogin@12468a38]" started-at="2024-07-22T22:41:44 IST" name="beforeMethod" finished-at="2024-07-22T22:41:45 IST" duration-ms="140" status="PASS">
          <reporter-output>
          </reporter-output>
        </test-method> <!-- beforeMethod -->
        <test-method signature="verifyUserCanLogin()[pri:0, instance:TestClasses.VerifyUserCanLogin@12468a38]" started-at="2024-07-22T22:41:45 IST" name="verifyUserCanLogin" finished-at="2024-07-22T22:42:15 IST" duration-ms="30290" status="PASS">
          <reporter-output>
          </reporter-output>
        </test-method> <!-- verifyUserCanLogin -->
        <test-method is-config="true" signature="afterMethod(org.testng.ITestResult)[pri:0, instance:TestClasses.VerifyUserCanLogin@12468a38]" started-at="2024-07-22T22:42:15 IST" name="afterMethod" finished-at="2024-07-22T22:42:15 IST" duration-ms="177" status="PASS">
          <params>
            <param index="0">
              <value>
                <![CDATA[[TestResult name=verifyUserCanLogin status=SUCCESS method=VerifyUserCanLogin.verifyUserCanLogin()[pri:0, instance:TestClasses.VerifyUserCanLogin@12468a38] output={null}]]]>
              </value>
            </param>
          </params>
          <reporter-output>
          </reporter-output>
        </test-method> <!-- afterMethod -->
        <test-method is-config="true" signature="afterClass()[pri:0, instance:TestClasses.VerifyUserCanLogin@12468a38]" started-at="2024-07-22T22:42:15 IST" name="afterClass" finished-at="2024-07-22T22:42:16 IST" duration-ms="730" status="PASS">
          <reporter-output>
          </reporter-output>
        </test-method> <!-- afterClass -->
      </class> <!-- TestClasses.VerifyUserCanLogin -->
    </test> <!-- Test -->
  </suite> <!-- Suite -->
</testng-results>
